Build started 05.07.2013 18:29:42.
     1>Project "E:\Users\ArtZilla\Documents\GitHub\MyLAMP\MyLAMP\mylamp_core\mylamp_core.vcxproj" on node 2 (build target(s)).
     1>InitializeBuildStatus:
         Creating "Debug\mylamp_core.unsuccessfulbuild" because "AlwaysCreate" was specified.
       ClCompile:
         All outputs are up-to-date.
         All outputs are up-to-date.
       ResourceCompile:
         All outputs are up-to-date.
       ManifestResourceCompile:
         All outputs are up-to-date.
       Link:
         All outputs are up-to-date.
       Manifest:
         All outputs are up-to-date.
       FinalizeBuildStatus:
         Deleting file "Debug\mylamp_core.unsuccessfulbuild".
         Touching "Debug\mylamp_core.lastbuildstate".
     1>Done Building Project "E:\Users\ArtZilla\Documents\GitHub\MyLAMP\MyLAMP\mylamp_core\mylamp_core.vcxproj" (build target(s)).

Build succeeded.

Time Elapsed 00:00:00.05
