Build started 05.07.2013 18:29:40.
     1>Project "E:\Users\ArtZilla\Documents\GitHub\MyLAMP\MyLAMP\mylamp_updater\mylamp_updater.vcxproj" on node 3 (build target(s)).
     1>InitializeBuildStatus:
         Creating "Debug\mylamp_updater.unsuccessfulbuild" because "AlwaysCreate" was specified.
       ClCompile:
         All outputs are up-to-date.
         All outputs are up-to-date.
         All outputs are up-to-date.
       ManifestResourceCompile:
         All outputs are up-to-date.
       Link:
         All outputs are up-to-date.
       Manifest:
         All outputs are up-to-date.
       FinalizeBuildStatus:
         Deleting file "Debug\mylamp_updater.unsuccessfulbuild".
         Touching "Debug\mylamp_updater.lastbuildstate".
     1>Done Building Project "E:\Users\ArtZilla\Documents\GitHub\MyLAMP\MyLAMP\mylamp_updater\mylamp_updater.vcxproj" (build target(s)).

Build succeeded.

Time Elapsed 00:00:00.05
